mode: set
ropc-backend/handlers/application_handler.go:32.101,35.16 2 1
ropc-backend/handlers/application_handler.go:35.16,36.13 1 0
ropc-backend/handlers/application_handler.go:39.2,45.16 4 1
ropc-backend/handlers/application_handler.go:45.16,46.49 1 1
ropc-backend/handlers/application_handler.go:46.49,49.4 2 1
ropc-backend/handlers/application_handler.go:49.9,50.14 1 0
ropc-backend/handlers/application_handler.go:54.2,57.16 3 1
ropc-backend/handlers/application_handler.go:57.16,58.52 1 1
ropc-backend/handlers/application_handler.go:61.2,61.99 1 1
ropc-backend/handlers/application_handler.go:64.85,66.16 2 1
ropc-backend/handlers/application_handler.go:66.16,69.3 2 1
ropc-backend/handlers/application_handler.go:71.2,77.16 4 1
ropc-backend/handlers/application_handler.go:77.16,78.49 1 1
ropc-backend/handlers/application_handler.go:78.49,79.33 1 1
ropc-backend/handlers/application_handler.go:80.9,81.22 1 0
ropc-backend/handlers/application_handler.go:85.2,85.118 1 0
ropc-backend/handlers/application_handler.go:89.86,98.27 5 1
ropc-backend/handlers/application_handler.go:98.27,101.3 2 1
ropc-backend/handlers/application_handler.go:103.2,103.146 1 1
ropc-backend/handlers/application_handler.go:106.85,110.16 3 1
ropc-backend/handlers/application_handler.go:110.16,111.44 1 0
ropc-backend/handlers/application_handler.go:114.2,115.16 2 1
ropc-backend/handlers/application_handler.go:115.16,116.67 1 0
ropc-backend/handlers/application_handler.go:119.2,121.16 3 1
ropc-backend/handlers/application_handler.go:121.16,122.13 1 1
ropc-backend/handlers/application_handler.go:125.2,128.16 3 0
ropc-backend/handlers/application_handler.go:128.16,129.49 1 0
ropc-backend/handlers/application_handler.go:132.2,138.16 3 0
ropc-backend/handlers/application_handler.go:138.16,139.13 1 0
ropc-backend/handlers/application_handler.go:142.2,148.128 2 0
ropc-backend/handlers/application_handler.go:151.127,156.2 1 1
ropc-backend/handlers/application_handler.go:158.88,166.16 3 1
ropc-backend/handlers/application_handler.go:166.16,167.44 1 0
ropc-backend/handlers/application_handler.go:170.2,170.33 1 1
ropc-backend/handlers/application_handler.go:170.33,171.40 1 1
ropc-backend/handlers/application_handler.go:174.2,174.37 1 1
ropc-backend/handlers/application_handler.go:174.37,175.45 1 1
ropc-backend/handlers/application_handler.go:178.2,179.16 2 1
ropc-backend/handlers/application_handler.go:179.16,180.67 1 1
ropc-backend/handlers/application_handler.go:183.2,186.26 3 1
ropc-backend/handlers/application_handler.go:186.26,187.103 1 1
ropc-backend/handlers/application_handler.go:190.2,192.26 3 1
ropc-backend/handlers/application_handler.go:192.26,193.108 1 1
ropc-backend/handlers/application_handler.go:196.2,204.16 3 1
ropc-backend/handlers/application_handler.go:204.16,205.13 1 0
ropc-backend/handlers/application_handler.go:208.2,210.97 2 1
ropc-backend/handlers/authentication_handler.go:34.118,36.2 1 1
ropc-backend/handlers/authentication_handler.go:38.86,40.76 1 1
ropc-backend/handlers/authentication_handler.go:40.76,41.45 1 0
ropc-backend/handlers/authentication_handler.go:44.2,45.29 2 1
ropc-backend/handlers/authentication_handler.go:45.29,46.42 1 1
ropc-backend/handlers/authentication_handler.go:49.2,50.33 2 1
ropc-backend/handlers/authentication_handler.go:50.33,51.46 1 1
ropc-backend/handlers/authentication_handler.go:54.2,55.30 2 1
ropc-backend/handlers/authentication_handler.go:55.30,56.51 1 1
ropc-backend/handlers/authentication_handler.go:59.2,62.19 3 1
ropc-backend/handlers/authentication_handler.go:63.28,64.73 1 1
ropc-backend/handlers/authentication_handler.go:65.10,66.50 1 1
ropc-backend/handlers/authentication_handler.go:69.2,69.16 1 1
ropc-backend/handlers/authentication_handler.go:69.16,72.3 2 1
ropc-backend/handlers/authentication_handler.go:74.2,81.92 3 1
ropc-backend/handlers/user_handler.go:29.80,33.16 3 0
ropc-backend/handlers/user_handler.go:33.16,34.44 1 0
ropc-backend/handlers/user_handler.go:37.2,40.16 3 0
ropc-backend/handlers/user_handler.go:40.16,43.3 2 0
ropc-backend/handlers/user_handler.go:45.2,45.162 1 0
ropc-backend/handlers/user_handler.go:45.162,48.3 2 0
ropc-backend/handlers/user_handler.go:50.2,54.88 3 0
ropc-backend/handlers/user_handler.go:57.100,62.2 1 1
ropc-backend/handlers/user_handler.go:64.87,69.16 3 1
ropc-backend/handlers/user_handler.go:69.16,70.44 1 0
ropc-backend/handlers/user_handler.go:73.2,73.41 1 1
ropc-backend/handlers/user_handler.go:73.41,74.44 1 1
ropc-backend/handlers/user_handler.go:77.2,77.45 1 1
ropc-backend/handlers/user_handler.go:77.45,78.41 1 1
ropc-backend/handlers/user_handler.go:81.2,81.41 1 1
ropc-backend/handlers/user_handler.go:81.41,82.44 1 1
ropc-backend/handlers/user_handler.go:85.2,92.16 3 1
ropc-backend/handlers/user_handler.go:92.16,94.10 2 0
ropc-backend/handlers/user_handler.go:95.50,96.39 1 0
ropc-backend/handlers/user_handler.go:97.47,98.36 1 0
ropc-backend/handlers/user_handler.go:101.3,101.55 1 0
ropc-backend/handlers/user_handler.go:104.2,106.60 2 1
ropc-backend/handlers/user_handler.go:109.78,111.18 1 0
ropc-backend/handlers/user_handler.go:112.22,115.17 3 0
ropc-backend/handlers/user_handler.go:115.17,116.14 1 0
ropc-backend/handlers/user_handler.go:119.3,126.17 2 0
ropc-backend/handlers/user_handler.go:127.10,128.45 1 0
ropc-backend/handlers/utils.go:23.54,25.16 2 1
ropc-backend/handlers/utils.go:25.16,28.3 2 0
ropc-backend/handlers/utils.go:30.2,30.12 1 1
ropc-backend/handlers/utils.go:33.58,38.9 3 1
ropc-backend/handlers/utils.go:38.9,39.85 1 0
ropc-backend/handlers/utils.go:42.2,42.10 1 1
ropc-backend/handlers/utils.go:45.105,53.2 6 1
ropc-backend/kernel/context.go:29.38,31.2 1 0
ropc-backend/kernel/context.go:33.34,35.2 1 0
ropc-backend/kernel/context.go:37.34,39.2 1 0
ropc-backend/kernel/context.go:41.55,44.16 2 0
ropc-backend/kernel/context.go:44.16,46.3 1 0
ropc-backend/kernel/context.go:48.2,48.40 1 0
ropc-backend/kernel/context.go:48.40,49.23 1 0
ropc-backend/kernel/context.go:50.21,51.53 1 0
ropc-backend/kernel/context.go:52.22,53.50 1 0
ropc-backend/kernel/context.go:54.11,55.71 1 0
ropc-backend/kernel/context.go:59.2,59.16 1 0
ropc-backend/kernel/context.go:59.16,61.3 1 0
ropc-backend/kernel/context.go:63.2,76.21 2 0
ropc-backend/kernel/database.go:21.47,23.2 1 0
ropc-backend/kernel/database.go:25.57,37.16 7 0
ropc-backend/kernel/database.go:37.16,39.3 1 0
ropc-backend/kernel/database.go:40.2,41.16 2 0
ropc-backend/kernel/database.go:41.16,43.3 1 0
ropc-backend/kernel/database.go:45.2,47.8 1 0
ropc-backend/kernel/error.go:10.56,12.3 1 0
ropc-backend/kernel/error.go:25.47,27.2 1 1
ropc-backend/kernel/error.go:29.37,31.2 1 1
ropc-backend/kernel/error.go:33.33,35.2 1 1
ropc-backend/kernel/middleware.go:18.44,22.2 1 1
ropc-backend/kernel/middleware.go:24.127,25.54 1 1
ropc-backend/kernel/middleware.go:25.54,26.16 1 1
ropc-backend/kernel/middleware.go:26.16,27.36 1 1
ropc-backend/kernel/middleware.go:27.36,30.33 3 1
ropc-backend/kernel/middleware.go:30.33,33.6 2 1
ropc-backend/kernel/middleware.go:33.11,34.34 1 1
ropc-backend/kernel/middleware.go:34.34,37.7 2 1
ropc-backend/kernel/middleware.go:40.5,42.60 2 1
ropc-backend/kernel/middleware.go:46.3,46.10 1 1
ropc-backend/kernel/middleware.go:50.125,51.54 1 0
ropc-backend/kernel/middleware.go:51.54,59.3 5 0
ropc-backend/kernel/repository.go:23.62,31.2 3 0
ropc-backend/kernel/repository.go:33.67,40.16 3 0
ropc-backend/kernel/repository.go:40.16,41.10 1 0
ropc-backend/kernel/repository.go:42.47,43.29 1 0
ropc-backend/kernel/repository.go:46.3,46.18 1 0
ropc-backend/kernel/repository.go:49.2,49.16 1 0
ropc-backend/kernel/repository.go:52.54,54.16 2 0
ropc-backend/kernel/repository.go:54.16,55.10 1 0
ropc-backend/kernel/repository.go:56.46,57.42 1 0
ropc-backend/kernel/repository.go:59.3,60.13 2 0
ropc-backend/kernel/repository.go:63.2,63.12 1 0
ropc-backend/kernel/repository.go:66.59,71.2 1 0
ropc-backend/kernel/repository.go:73.73,80.16 2 0
ropc-backend/kernel/repository.go:80.16,82.3 1 0
ropc-backend/kernel/repository.go:84.2,84.12 1 0
ropc-backend/kernel/repository.go:87.75,89.2 1 0
ropc-backend/kernel/security.go:15.88,20.2 1 0
ropc-backend/kernel/security.go:22.113,23.54 1 0
ropc-backend/kernel/security.go:23.54,26.33 2 0
ropc-backend/kernel/security.go:26.33,27.94 1 0
ropc-backend/kernel/security.go:30.3,32.17 2 0
ropc-backend/kernel/security.go:32.17,33.85 1 0
ropc-backend/kernel/security.go:36.3,39.17 4 0
ropc-backend/kernel/security.go:39.17,41.4 1 0
ropc-backend/kernel/security.go:43.3,45.10 2 0
ropc-backend/kernel/server.go:27.87,35.2 1 0
ropc-backend/kernel/server.go:37.43,39.24 1 0
ropc-backend/kernel/server.go:39.24,41.26 2 0
ropc-backend/kernel/server.go:41.26,42.16 1 0
ropc-backend/kernel/server.go:42.16,44.5 1 0
ropc-backend/kernel/server.go:47.3,47.24 1 0
ropc-backend/kernel/server.go:51.2,51.12 1 0
ropc-backend/kernel/server.go:51.12,56.3 4 0
ropc-backend/kernel/server.go:58.2,60.16 2 0
ropc-backend/kernel/server.go:60.16,62.3 1 0
ropc-backend/kernel/server.go:64.2,64.12 1 0
ropc-backend/kernel/server.go:68.122,71.20 2 0
ropc-backend/kernel/server.go:71.20,74.3 2 0
ropc-backend/kernel/server.go:76.2,76.16 1 0
ropc-backend/kernel/server.go:77.22,78.33 1 0
ropc-backend/kernel/server.go:79.23,80.34 1 0
ropc-backend/kernel/server.go:81.22,82.33 1 0
ropc-backend/kernel/server.go:83.25,84.36 1 0
ropc-backend/kernel/server.go:85.10,87.21 2 0
ropc-backend/kernel/server.go:90.2,95.36 2 0
ropc-backend/services/authentication_service.go:27.97,32.16 3 0
ropc-backend/services/authentication_service.go:32.16,34.3 1 0
ropc-backend/services/authentication_service.go:36.2,38.156 2 0
ropc-backend/services/authentication_service.go:38.156,40.3 1 0
ropc-backend/services/authentication_service.go:42.2,43.16 2 0
ropc-backend/services/authentication_service.go:43.16,45.3 1 0
ropc-backend/services/authentication_service.go:47.2,47.25 1 0
ropc-backend/services/authentication_service.go:50.132,52.2 1 0
